<?xml version="1.0" encoding="UTF-8" ?>
<testsuite tests="3" failures="0" name="com.src.comcast.test.UserControllerTest" time="3.894" errors="0" skipped="0">
  <properties>
[...]
</properties>
  <testcase classname="com.src.comcast.test.UserControllerTest" name="getAllUserTest" time="2.755"/>
  <testcase classname="com.src.comcast.test.UserControllerTest" name="createUser" time="0.501"/>
  <testcase classname="com.src.comcast.test.UserControllerTest" name="createUserTest" time="0.638"/>
</testsuite>